<?xml version="1.0" encoding="UTF-8"?>
<testng-results skipped="0" failed="0" ignored="0" total="1" passed="1">
  <reporter-output>
  </reporter-output>
  <suite name="Default suite" duration-ms="66032" started-at="2019-04-12T18:37:05Z" finished-at="2019-04-12T18:38:11Z">
    <groups>
    </groups>
    <test name="Default test" duration-ms="66032" started-at="2019-04-12T18:37:05Z" finished-at="2019-04-12T18:38:11Z">
      <class name="leafground.Alertss">
        <test-method status="PASS" signature="alertt()[pri:0, instance:leafground.Alertss@14ba872]" name="alertt" duration-ms="65904" started-at="2019-04-12T18:37:05Z" finished-at="2019-04-12T18:38:11Z">
          <reporter-output>
          </reporter-output>
        </test-method> <!-- alertt -->
      </class> <!-- leafground.Alertss -->
    </test> <!-- Default test -->
  </suite> <!-- Default suite -->
</testng-results>
