<?xml version="1.0" encoding="UTF-8"?>
<testng-results skipped="0" failed="0" ignored="0" total="1" passed="1">
  <reporter-output>
  </reporter-output>
  <suite name="Default suite" duration-ms="16251" started-at="2019-05-02T17:27:29Z" finished-at="2019-05-02T17:27:45Z">
    <groups>
    </groups>
    <test name="Default test" duration-ms="16251" started-at="2019-05-02T17:27:29Z" finished-at="2019-05-02T17:27:45Z">
      <class name="leafground.DropDown">
        <test-method status="PASS" signature="alertt()[pri:0, instance:leafground.DropDown@14ba872]" name="alertt" duration-ms="16205" started-at="2019-05-02T17:27:29Z" finished-at="2019-05-02T17:27:45Z">
          <reporter-output>
          </reporter-output>
        </test-method> <!-- alertt -->
      </class> <!-- leafground.DropDown -->
    </test> <!-- Default test -->
  </suite> <!-- Default suite -->
</testng-results>
