<?xml version="1.0" encoding="UTF-8"?>
<!-- Generated by org.testng.reporters.JUnitXMLReporter -->
<testsuite hostname="user-PC" ignored="0" name="Test" tests="3" failures="0" timestamp="22 Apr 2019 11:06:28 GMT" time="236.403" errors="0">
  <testcase name="LoginAndCreate" time="60.324" classname="testcases.TC001_Create_Lead"/>
  <testcase name="Delete_Create" time="61.575" classname="testcases.TC002_Delete_Lead"/>
  <testcase name="LoginAndCreated" time="62.363" classname="testcases.TC001_Create_Lead"/>
</testsuite> <!-- Test -->
