<?xml version="1.0" encoding="UTF-8"?>
<testng-results skipped="0" failed="0" ignored="0" total="2" passed="2">
  <reporter-output>
  </reporter-output>
  <suite name="Default suite" duration-ms="98632" started-at="2019-04-22T10:19:06Z" finished-at="2019-04-22T10:20:44Z">
    <groups>
      <group name="cucumber">
        <method signature="AbstractTestNGCucumberTests.runScenario(cucumber.api.testng.PickleEventWrapper, cucumber.api.testng.CucumberFeatureWrapper)[pri:0, instance:RunnerCucumber.Runtest@e63ade]" name="runScenario" class="cucumber.api.testng.AbstractTestNGCucumberTests"/>
      </group> <!-- cucumber -->
    </groups>
    <test name="Default test" duration-ms="98632" started-at="2019-04-22T10:19:06Z" finished-at="2019-04-22T10:20:44Z">
      <class name="RunnerCucumber.Runtest">
        <test-method status="PASS" signature="startReport()[pri:0, instance:RunnerCucumber.Runtest@e63ade]" name="startReport" is-config="true" duration-ms="1576" started-at="2019-04-22T10:19:04Z" finished-at="2019-04-22T10:19:06Z">
          <reporter-output>
          </reporter-output>
        </test-method> <!-- startReport -->
        <test-method status="PASS" signature="setData()[pri:0, instance:RunnerCucumber.Runtest@e63ade]" name="setData" is-config="true" duration-ms="0" started-at="2019-04-22T10:19:06Z" finished-at="2019-04-22T10:19:06Z">
          <reporter-output>
          </reporter-output>
        </test-method> <!-- setData -->
        <test-method status="PASS" signature="setUpClass()[pri:0, instance:RunnerCucumber.Runtest@e63ade]" name="setUpClass" is-config="true" duration-ms="406" started-at="2019-04-22T10:19:06Z" finished-at="2019-04-22T10:19:06Z">
          <reporter-output>
          </reporter-output>
        </test-method> <!-- setUpClass -->
        <test-method status="PASS" signature="report()[pri:0, instance:RunnerCucumber.Runtest@e63ade]" name="report" is-config="true" duration-ms="35" started-at="2019-04-22T10:19:06Z" finished-at="2019-04-22T10:19:06Z">
          <reporter-output>
          </reporter-output>
        </test-method> <!-- report -->
        <test-method status="PASS" signature="beforeMethod()[pri:0, instance:RunnerCucumber.Runtest@e63ade]" name="beforeMethod" is-config="true" duration-ms="35645" started-at="2019-04-22T10:19:06Z" finished-at="2019-04-22T10:19:42Z">
          <reporter-output>
          </reporter-output>
        </test-method> <!-- beforeMethod -->
        <test-method status="PASS" signature="runScenario(cucumber.api.testng.PickleEventWrapper, cucumber.api.testng.CucumberFeatureWrapper)[pri:0, instance:RunnerCucumber.Runtest@e63ade]" name="runScenario" duration-ms="24273" started-at="2019-04-22T10:19:42Z" description="Runs Cucumber Scenarios" data-provider="scenarios" finished-at="2019-04-22T10:20:06Z">
          <params>
            <param index="0">
              <value>
                <![CDATA["TC01 Positive flow for Create Lead"]]>
              </value>
            </param>
            <param index="1">
              <value>
                <![CDATA["Create a Lead for Leaftap Application"]]>
              </value>
            </param>
          </params>
          <reporter-output>
          </reporter-output>
        </test-method> <!-- runScenario -->
        <test-method status="PASS" signature="afterMethod()[pri:0, instance:RunnerCucumber.Runtest@e63ade]" name="afterMethod" is-config="true" duration-ms="2098" started-at="2019-04-22T10:20:06Z" finished-at="2019-04-22T10:20:08Z">
          <reporter-output>
          </reporter-output>
        </test-method> <!-- afterMethod -->
        <test-method status="PASS" signature="beforeMethod()[pri:0, instance:RunnerCucumber.Runtest@e63ade]" name="beforeMethod" is-config="true" duration-ms="11469" started-at="2019-04-22T10:20:08Z" finished-at="2019-04-22T10:20:20Z">
          <reporter-output>
          </reporter-output>
        </test-method> <!-- beforeMethod -->
        <test-method status="PASS" signature="runScenario(cucumber.api.testng.PickleEventWrapper, cucumber.api.testng.CucumberFeatureWrapper)[pri:0, instance:RunnerCucumber.Runtest@e63ade]" name="runScenario" duration-ms="22206" started-at="2019-04-22T10:20:20Z" description="Runs Cucumber Scenarios" data-provider="scenarios" finished-at="2019-04-22T10:20:42Z">
          <params>
            <param index="0">
              <value>
                <![CDATA["TC01 Positive flow for Create Lead"]]>
              </value>
            </param>
            <param index="1">
              <value>
                <![CDATA["Create a Lead for Leaftap Application"]]>
              </value>
            </param>
          </params>
          <reporter-output>
          </reporter-output>
        </test-method> <!-- runScenario -->
        <test-method status="PASS" signature="afterMethod()[pri:0, instance:RunnerCucumber.Runtest@e63ade]" name="afterMethod" is-config="true" duration-ms="2136" started-at="2019-04-22T10:20:42Z" finished-at="2019-04-22T10:20:44Z">
          <reporter-output>
          </reporter-output>
        </test-method> <!-- afterMethod -->
        <test-method status="PASS" signature="tearDownClass()[pri:0, instance:RunnerCucumber.Runtest@e63ade]" name="tearDownClass" is-config="true" duration-ms="127" started-at="2019-04-22T10:20:44Z" finished-at="2019-04-22T10:20:44Z">
          <reporter-output>
          </reporter-output>
        </test-method> <!-- tearDownClass -->
        <test-method status="PASS" signature="stopReport()[pri:0, instance:RunnerCucumber.Runtest@e63ade]" name="stopReport" is-config="true" duration-ms="1152" started-at="2019-04-22T10:20:45Z" finished-at="2019-04-22T10:20:46Z">
          <reporter-output>
          </reporter-output>
        </test-method> <!-- stopReport -->
      </class> <!-- RunnerCucumber.Runtest -->
    </test> <!-- Default test -->
  </suite> <!-- Default suite -->
</testng-results>
